{"/home/davejs/Documents/react/testing/testing-intro/src/components/greet.tsx": {"path":"/home/davejs/Documents/react/testing/testing-intro/src/components/greet.tsx","statementMap":{"0":{"start":{"line":6,"column":31},"end":{"line":12,"column":1}},"1":{"start":{"line":7,"column":2},"end":{"line":11,"column":null}},"2":{"start":{"line":14,"column":0},"end":{"line":14,"column":null}}},"fnMap":{"0":{"name":"(anonymous_0)","decl":{"start":{"line":6,"column":31},"end":{"line":6,"column":32}},"loc":{"start":{"line":6,"column":49},"end":{"line":12,"column":1}}}},"branchMap":{"0":{"loc":{"start":{"line":6,"column":34},"end":{"line":6,"column":43}},"type":"default-arg","locations":[{"start":{"line":6,"column":41},"end":{"line":6,"column":43}}]}},"s":{"0":1,"1":2,"2":1},"f":{"0":2},"b":{"0":[1]}}
}
